2017-12-23T14:28:29.9795638-05:00  [INF] Executed DbCommand (142ms) [Parameters=[], CommandType='Text', CommandTimeout='30']
SELECT OBJECT_ID(N'__EFMigrationsHistory'); (6438bdd5)
2017-12-23T14:28:30.0597778-05:00  [INF] Executed DbCommand (61ms) [Parameters=[], CommandType='Text', CommandTimeout='30']
SELECT OBJECT_ID(N'__EFMigrationsHistory'); (6438bdd5)
2017-12-23T14:28:30.1199366-05:00  [INF] Executed DbCommand (48ms) [Parameters=[], CommandType='Text', CommandTimeout='30']
SELECT [MigrationId], [ProductVersion]
FROM [__EFMigrationsHistory]
ORDER BY [MigrationId]; (6438bdd5)
2017-12-23T14:28:31.2770064-05:00  [INF] Executed DbCommand (31ms) [Parameters=[], CommandType='Text', CommandTimeout='30']
SELECT CASE
    WHEN EXISTS (
        SELECT 1
        FROM [AspNetUsers] AS [a])
    THEN CAST(1 AS BIT) ELSE CAST(0 AS BIT)
END (6438bdd5)
2017-12-23T14:28:31.7813451-05:00  [INF] Executed DbCommand (135ms) [Parameters=[@__normalizedName_0='?' (Size = 256)], CommandType='Text', CommandTimeout='30']
SELECT TOP(1) [r].[Id], [r].[ConcurrencyStamp], [r].[Description], [r].[Name], [r].[NormalizedName]
FROM [AspNetRoles] AS [r]
WHERE [r].[NormalizedName] = @__normalizedName_0 (6438bdd5)
2017-12-23T14:28:31.8866240-05:00  [INF] Executed DbCommand (33ms) [Parameters=[@__normalizedName_0='?' (Size = 256)], CommandType='Text', CommandTimeout='30']
SELECT TOP(1) [r].[Id], [r].[ConcurrencyStamp], [r].[Description], [r].[Name], [r].[NormalizedName]
FROM [AspNetRoles] AS [r]
WHERE [r].[NormalizedName] = @__normalizedName_0 (6438bdd5)
2017-12-23T14:28:32.2265259-05:00  [INF] Executed DbCommand (28ms) [Parameters=[@p0='?' (Size = 450), @p1='?' (Size = 4000), @p2='?' (Size = 4000), @p3='?' (Size = 256), @p4='?' (Size = 256)], CommandType='Text', CommandTimeout='30']
SET NOCOUNT ON;
INSERT INTO [AspNetRoles] ([Id], [ConcurrencyStamp], [Description], [Name], [NormalizedName])
VALUES (@p0, @p1, @p2, @p3, @p4); (6438bdd5)
2017-12-23T14:28:32.3308022-05:00  [INF] Executed DbCommand (81ms) [Parameters=[@__normalizedName_0='?' (Size = 256)], CommandType='Text', CommandTimeout='30']
SELECT TOP(1) [r].[Id], [r].[ConcurrencyStamp], [r].[Description], [r].[Name], [r].[NormalizedName]
FROM [AspNetRoles] AS [r]
WHERE [r].[NormalizedName] = @__normalizedName_0 (6438bdd5)
2017-12-23T14:28:32.4621512-05:00  [INF] Executed DbCommand (35ms) [Parameters=[@__normalizedName_0='?' (Size = 256)], CommandType='Text', CommandTimeout='30']
SELECT TOP(1) [r].[Id], [r].[ConcurrencyStamp], [r].[Description], [r].[Name], [r].[NormalizedName]
FROM [AspNetRoles] AS [r]
WHERE [r].[NormalizedName] = @__normalizedName_0 (6438bdd5)
2017-12-23T14:28:32.5303329-05:00  [INF] Executed DbCommand (38ms) [Parameters=[@p0='?' (Size = 4000), @p1='?' (Size = 4000), @p2='?' (Size = 450), @p7='?' (Size = 450), @p3='?' (Size = 4000), @p8='?' (Size = 4000), @p4='?' (Size = 4000), @p5='?' (Size = 256), @p6='?' (Size = 256)], CommandType='Text', CommandTimeout='30']
SET NOCOUNT ON;
INSERT INTO [AspNetRoleClaims] ([ClaimType], [ClaimValue], [RoleId])
VALUES (@p0, @p1, @p2);
SELECT [Id]
FROM [AspNetRoleClaims]
WHERE @@ROWCOUNT = 1 AND [Id] = scope_identity();

UPDATE [AspNetRoles] SET [ConcurrencyStamp] = @p3, [Description] = @p4, [Name] = @p5, [NormalizedName] = @p6
WHERE [Id] = @p7 AND [ConcurrencyStamp] = @p8;
SELECT @@ROWCOUNT; (6438bdd5)
2017-12-23T14:28:32.6245822-05:00  [INF] Executed DbCommand (55ms) [Parameters=[@__normalizedName_0='?' (Size = 256)], CommandType='Text', CommandTimeout='30']
SELECT TOP(1) [r].[Id], [r].[ConcurrencyStamp], [r].[Description], [r].[Name], [r].[NormalizedName]
FROM [AspNetRoles] AS [r]
WHERE [r].[NormalizedName] = @__normalizedName_0 (6438bdd5)
2017-12-23T14:28:32.6586726-05:00  [INF] Executed DbCommand (32ms) [Parameters=[@p0='?' (Size = 4000), @p1='?' (Size = 4000), @p2='?' (Size = 450), @p7='?' (Size = 450), @p3='?' (Size = 4000), @p8='?' (Size = 4000), @p4='?' (Size = 4000), @p5='?' (Size = 256), @p6='?' (Size = 256)], CommandType='Text', CommandTimeout='30']
SET NOCOUNT ON;
INSERT INTO [AspNetRoleClaims] ([ClaimType], [ClaimValue], [RoleId])
VALUES (@p0, @p1, @p2);
SELECT [Id]
FROM [AspNetRoleClaims]
WHERE @@ROWCOUNT = 1 AND [Id] = scope_identity();

UPDATE [AspNetRoles] SET [ConcurrencyStamp] = @p3, [Description] = @p4, [Name] = @p5, [NormalizedName] = @p6
WHERE [Id] = @p7 AND [ConcurrencyStamp] = @p8;
SELECT @@ROWCOUNT; (6438bdd5)
2017-12-23T14:28:33.3947231-05:00  [INF] Executed DbCommand (55ms) [Parameters=[@__normalizedName_0='?' (Size = 256)], CommandType='Text', CommandTimeout='30']
SELECT TOP(1) [r].[Id], [r].[ConcurrencyStamp], [r].[Description], [r].[Name], [r].[NormalizedName]
FROM [AspNetRoles] AS [r]
WHERE [r].[NormalizedName] = @__normalizedName_0 (6438bdd5)
2017-12-23T14:28:33.4488671-05:00  [INF] Executed DbCommand (48ms) [Parameters=[@p0='?' (Size = 4000), @p1='?' (Size = 4000), @p2='?' (Size = 450), @p7='?' (Size = 450), @p3='?' (Size = 4000), @p8='?' (Size = 4000), @p4='?' (Size = 4000), @p5='?' (Size = 256), @p6='?' (Size = 256)], CommandType='Text', CommandTimeout='30']
SET NOCOUNT ON;
INSERT INTO [AspNetRoleClaims] ([ClaimType], [ClaimValue], [RoleId])
VALUES (@p0, @p1, @p2);
SELECT [Id]
FROM [AspNetRoleClaims]
WHERE @@ROWCOUNT = 1 AND [Id] = scope_identity();

UPDATE [AspNetRoles] SET [ConcurrencyStamp] = @p3, [Description] = @p4, [Name] = @p5, [NormalizedName] = @p6
WHERE [Id] = @p7 AND [ConcurrencyStamp] = @p8;
SELECT @@ROWCOUNT; (6438bdd5)
2017-12-23T14:28:33.5090268-05:00  [INF] Executed DbCommand (57ms) [Parameters=[@__normalizedName_0='?' (Size = 256)], CommandType='Text', CommandTimeout='30']
SELECT TOP(1) [r].[Id], [r].[ConcurrencyStamp], [r].[Description], [r].[Name], [r].[NormalizedName]
FROM [AspNetRoles] AS [r]
WHERE [r].[NormalizedName] = @__normalizedName_0 (6438bdd5)
2017-12-23T14:28:33.5461256-05:00  [INF] Executed DbCommand (35ms) [Parameters=[@p0='?' (Size = 4000), @p1='?' (Size = 4000), @p2='?' (Size = 450), @p7='?' (Size = 450), @p3='?' (Size = 4000), @p8='?' (Size = 4000), @p4='?' (Size = 4000), @p5='?' (Size = 256), @p6='?' (Size = 256)], CommandType='Text', CommandTimeout='30']
SET NOCOUNT ON;
INSERT INTO [AspNetRoleClaims] ([ClaimType], [ClaimValue], [RoleId])
VALUES (@p0, @p1, @p2);
SELECT [Id]
FROM [AspNetRoleClaims]
WHERE @@ROWCOUNT = 1 AND [Id] = scope_identity();

UPDATE [AspNetRoles] SET [ConcurrencyStamp] = @p3, [Description] = @p4, [Name] = @p5, [NormalizedName] = @p6
WHERE [Id] = @p7 AND [ConcurrencyStamp] = @p8;
SELECT @@ROWCOUNT; (6438bdd5)
2017-12-23T14:28:33.6243335-05:00  [INF] Executed DbCommand (75ms) [Parameters=[@__normalizedName_0='?' (Size = 256)], CommandType='Text', CommandTimeout='30']
SELECT TOP(1) [r].[Id], [r].[ConcurrencyStamp], [r].[Description], [r].[Name], [r].[NormalizedName]
FROM [AspNetRoles] AS [r]
WHERE [r].[NormalizedName] = @__normalizedName_0 (6438bdd5)
2017-12-23T14:28:33.6704547-05:00  [INF] Executed DbCommand (36ms) [Parameters=[@p0='?' (Size = 4000), @p1='?' (Size = 4000), @p2='?' (Size = 450), @p7='?' (Size = 450), @p3='?' (Size = 4000), @p8='?' (Size = 4000), @p4='?' (Size = 4000), @p5='?' (Size = 256), @p6='?' (Size = 256)], CommandType='Text', CommandTimeout='30']
SET NOCOUNT ON;
INSERT INTO [AspNetRoleClaims] ([ClaimType], [ClaimValue], [RoleId])
VALUES (@p0, @p1, @p2);
SELECT [Id]
FROM [AspNetRoleClaims]
WHERE @@ROWCOUNT = 1 AND [Id] = scope_identity();

UPDATE [AspNetRoles] SET [ConcurrencyStamp] = @p3, [Description] = @p4, [Name] = @p5, [NormalizedName] = @p6
WHERE [Id] = @p7 AND [ConcurrencyStamp] = @p8;
SELECT @@ROWCOUNT; (6438bdd5)
2017-12-23T14:28:33.7356280-05:00  [INF] Executed DbCommand (60ms) [Parameters=[@__normalizedName_0='?' (Size = 256)], CommandType='Text', CommandTimeout='30']
SELECT TOP(1) [r].[Id], [r].[ConcurrencyStamp], [r].[Description], [r].[Name], [r].[NormalizedName]
FROM [AspNetRoles] AS [r]
WHERE [r].[NormalizedName] = @__normalizedName_0 (6438bdd5)
2017-12-23T14:28:33.7787424-05:00  [INF] Executed DbCommand (39ms) [Parameters=[@__normalizedName_0='?' (Size = 256)], CommandType='Text', CommandTimeout='30']
SELECT TOP(1) [r].[Id], [r].[ConcurrencyStamp], [r].[Description], [r].[Name], [r].[NormalizedName]
FROM [AspNetRoles] AS [r]
WHERE [r].[NormalizedName] = @__normalizedName_0 (6438bdd5)
2017-12-23T14:28:33.8318834-05:00  [INF] Executed DbCommand (45ms) [Parameters=[@p0='?' (Size = 450), @p1='?' (Size = 4000), @p2='?' (Size = 4000), @p3='?' (Size = 256), @p4='?' (Size = 256)], CommandType='Text', CommandTimeout='30']
SET NOCOUNT ON;
INSERT INTO [AspNetRoles] ([Id], [ConcurrencyStamp], [Description], [Name], [NormalizedName])
VALUES (@p0, @p1, @p2, @p3, @p4); (6438bdd5)
2017-12-23T14:28:33.9131002-05:00  [INF] Executed DbCommand (77ms) [Parameters=[@__normalizedName_0='?' (Size = 256)], CommandType='Text', CommandTimeout='30']
SELECT TOP(1) [r].[Id], [r].[ConcurrencyStamp], [r].[Description], [r].[Name], [r].[NormalizedName]
FROM [AspNetRoles] AS [r]
WHERE [r].[NormalizedName] = @__normalizedName_0 (6438bdd5)
2017-12-23T14:28:34.1627626-05:00  [INF] Executed DbCommand (112ms) [Parameters=[@__normalizedUserName_0='?' (Size = 256)], CommandType='Text', CommandTimeout='30']
SELECT TOP(1) [u].[Id], [u].[AccessFailedCount], [u].[ConcurrencyStamp], [u].[Configuration], [u].[Email], [u].[EmailConfirmed], [u].[FullName], [u].[IsEnabled], [u].[JobTitle], [u].[LockoutEnabled], [u].[LockoutEnd], [u].[NormalizedEmail], [u].[NormalizedUserName], [u].[PasswordHash], [u].[PhoneNumber], [u].[PhoneNumberConfirmed], [u].[SecurityStamp], [u].[TwoFactorEnabled], [u].[UserName]
FROM [AspNetUsers] AS [u]
WHERE [u].[NormalizedUserName] = @__normalizedUserName_0 (6438bdd5)
2017-12-23T14:28:34.2509968-05:00  [INF] Executed DbCommand (65ms) [Parameters=[@__normalizedEmail_0='?' (Size = 256)], CommandType='Text', CommandTimeout='30']
SELECT TOP(1) [u].[Id], [u].[AccessFailedCount], [u].[ConcurrencyStamp], [u].[Configuration], [u].[Email], [u].[EmailConfirmed], [u].[FullName], [u].[IsEnabled], [u].[JobTitle], [u].[LockoutEnabled], [u].[LockoutEnd], [u].[NormalizedEmail], [u].[NormalizedUserName], [u].[PasswordHash], [u].[PhoneNumber], [u].[PhoneNumberConfirmed], [u].[SecurityStamp], [u].[TwoFactorEnabled], [u].[UserName]
FROM [AspNetUsers] AS [u]
WHERE [u].[NormalizedEmail] = @__normalizedEmail_0 (6438bdd5)
2017-12-23T14:28:34.3913684-05:00  [INF] Executed DbCommand (68ms) [Parameters=[@p0='?' (Size = 450), @p1='?', @p2='?' (Size = 4000), @p3='?' (Size = 4000), @p4='?' (Size = 256), @p5='?', @p6='?' (Size = 4000), @p7='?', @p8='?' (Size = 4000), @p9='?', @p10='?', @p11='?' (Size = 256), @p12='?' (Size = 256), @p13='?' (Size = 4000), @p14='?' (Size = 4000), @p15='?', @p16='?' (Size = 4000), @p17='?', @p18='?' (Size = 256)], CommandType='Text', CommandTimeout='30']
SET NOCOUNT ON;
INSERT INTO [AspNetUsers] ([Id], [AccessFailedCount], [ConcurrencyStamp], [Configuration], [Email], [EmailConfirmed], [FullName], [IsEnabled], [JobTitle], [LockoutEnabled], [LockoutEnd], [NormalizedEmail], [NormalizedUserName], [PasswordHash], [PhoneNumber], [PhoneNumberConfirmed], [SecurityStamp], [TwoFactorEnabled], [UserName])
VALUES (@p0, @p1, @p2, @p3, @p4, @p5, @p6, @p7, @p8, @p9, @p10, @p11, @p12, @p13, @p14, @p15, @p16, @p17, @p18); (6438bdd5)
2017-12-23T14:28:34.5056717-05:00  [INF] Executed DbCommand (108ms) [Parameters=[@__normalizedUserName_0='?' (Size = 256)], CommandType='Text', CommandTimeout='30']
SELECT TOP(1) [u].[Id], [u].[AccessFailedCount], [u].[ConcurrencyStamp], [u].[Configuration], [u].[Email], [u].[EmailConfirmed], [u].[FullName], [u].[IsEnabled], [u].[JobTitle], [u].[LockoutEnabled], [u].[LockoutEnd], [u].[NormalizedEmail], [u].[NormalizedUserName], [u].[PasswordHash], [u].[PhoneNumber], [u].[PhoneNumberConfirmed], [u].[SecurityStamp], [u].[TwoFactorEnabled], [u].[UserName]
FROM [AspNetUsers] AS [u]
WHERE [u].[NormalizedUserName] = @__normalizedUserName_0 (6438bdd5)
2017-12-23T14:28:34.5848819-05:00  [INF] Executed DbCommand (41ms) [Parameters=[@__normalizedRoleName_0='?' (Size = 256)], CommandType='Text', CommandTimeout='30']
SELECT TOP(2) [r].[Id], [r].[ConcurrencyStamp], [r].[Description], [r].[Name], [r].[NormalizedName]
FROM [AspNetRoles] AS [r]
WHERE [r].[NormalizedName] = @__normalizedRoleName_0 (6438bdd5)
2017-12-23T14:28:34.6891594-05:00  [INF] Executed DbCommand (46ms) [Parameters=[@__get_Item_0='?' (Size = 450), @__get_Item_1='?' (Size = 450)], CommandType='Text', CommandTimeout='30']
SELECT TOP(1) [e].[UserId], [e].[RoleId]
FROM [AspNetUserRoles] AS [e]
WHERE ([e].[UserId] = @__get_Item_0) AND ([e].[RoleId] = @__get_Item_1) (6438bdd5)
2017-12-23T14:28:34.7523262-05:00  [INF] Executed DbCommand (51ms) [Parameters=[@__normalizedRoleName_0='?' (Size = 256)], CommandType='Text', CommandTimeout='30']
SELECT TOP(2) [r].[Id], [r].[ConcurrencyStamp], [r].[Description], [r].[Name], [r].[NormalizedName]
FROM [AspNetRoles] AS [r]
WHERE [r].[NormalizedName] = @__normalizedRoleName_0 (6438bdd5)
2017-12-23T14:28:34.9077382-05:00  [INF] Executed DbCommand (135ms) [Parameters=[@__normalizedUserName_0='?' (Size = 256)], CommandType='Text', CommandTimeout='30']
SELECT TOP(1) [u].[Id], [u].[AccessFailedCount], [u].[ConcurrencyStamp], [u].[Configuration], [u].[Email], [u].[EmailConfirmed], [u].[FullName], [u].[IsEnabled], [u].[JobTitle], [u].[LockoutEnabled], [u].[LockoutEnd], [u].[NormalizedEmail], [u].[NormalizedUserName], [u].[PasswordHash], [u].[PhoneNumber], [u].[PhoneNumberConfirmed], [u].[SecurityStamp], [u].[TwoFactorEnabled], [u].[UserName]
FROM [AspNetUsers] AS [u]
WHERE [u].[NormalizedUserName] = @__normalizedUserName_0 (6438bdd5)
2017-12-23T14:28:34.9568681-05:00  [INF] Executed DbCommand (43ms) [Parameters=[@__normalizedEmail_0='?' (Size = 256)], CommandType='Text', CommandTimeout='30']
SELECT TOP(1) [u].[Id], [u].[AccessFailedCount], [u].[ConcurrencyStamp], [u].[Configuration], [u].[Email], [u].[EmailConfirmed], [u].[FullName], [u].[IsEnabled], [u].[JobTitle], [u].[LockoutEnabled], [u].[LockoutEnd], [u].[NormalizedEmail], [u].[NormalizedUserName], [u].[PasswordHash], [u].[PhoneNumber], [u].[PhoneNumberConfirmed], [u].[SecurityStamp], [u].[TwoFactorEnabled], [u].[UserName]
FROM [AspNetUsers] AS [u]
WHERE [u].[NormalizedEmail] = @__normalizedEmail_0 (6438bdd5)
2017-12-23T14:28:35.0190339-05:00  [INF] Executed DbCommand (53ms) [Parameters=[@p0='?' (Size = 450), @p1='?' (Size = 450), @p20='?' (Size = 450), @p2='?', @p3='?' (Size = 4000), @p21='?' (Size = 4000), @p4='?' (Size = 4000), @p5='?' (Size = 256), @p6='?', @p7='?' (Size = 4000), @p8='?', @p9='?' (Size = 4000), @p10='?', @p11='?', @p12='?' (Size = 256), @p13='?' (Size = 256), @p14='?' (Size = 4000), @p15='?' (Size = 4000), @p16='?', @p17='?' (Size = 4000), @p18='?', @p19='?' (Size = 256)], CommandType='Text', CommandTimeout='30']
SET NOCOUNT ON;
INSERT INTO [AspNetUserRoles] ([UserId], [RoleId])
VALUES (@p0, @p1);
UPDATE [AspNetUsers] SET [AccessFailedCount] = @p2, [ConcurrencyStamp] = @p3, [Configuration] = @p4, [Email] = @p5, [EmailConfirmed] = @p6, [FullName] = @p7, [IsEnabled] = @p8, [JobTitle] = @p9, [LockoutEnabled] = @p10, [LockoutEnd] = @p11, [NormalizedEmail] = @p12, [NormalizedUserName] = @p13, [PasswordHash] = @p14, [PhoneNumber] = @p15, [PhoneNumberConfirmed] = @p16, [SecurityStamp] = @p17, [TwoFactorEnabled] = @p18, [UserName] = @p19
WHERE [Id] = @p20 AND [ConcurrencyStamp] = @p21;
SELECT @@ROWCOUNT; (6438bdd5)
2017-12-23T14:28:35.3926455-05:00  [INF] Executed DbCommand (81ms) [Parameters=[@__normalizedUserName_0='?' (Size = 256)], CommandType='Text', CommandTimeout='30']
SELECT TOP(1) [u].[Id], [u].[AccessFailedCount], [u].[ConcurrencyStamp], [u].[Configuration], [u].[Email], [u].[EmailConfirmed], [u].[FullName], [u].[IsEnabled], [u].[JobTitle], [u].[LockoutEnabled], [u].[LockoutEnd], [u].[NormalizedEmail], [u].[NormalizedUserName], [u].[PasswordHash], [u].[PhoneNumber], [u].[PhoneNumberConfirmed], [u].[SecurityStamp], [u].[TwoFactorEnabled], [u].[UserName]
FROM [AspNetUsers] AS [u]
WHERE [u].[NormalizedUserName] = @__normalizedUserName_0 (6438bdd5)
2017-12-23T14:28:35.4347581-05:00  [INF] Executed DbCommand (40ms) [Parameters=[@__normalizedEmail_0='?' (Size = 256)], CommandType='Text', CommandTimeout='30']
SELECT TOP(1) [u].[Id], [u].[AccessFailedCount], [u].[ConcurrencyStamp], [u].[Configuration], [u].[Email], [u].[EmailConfirmed], [u].[FullName], [u].[IsEnabled], [u].[JobTitle], [u].[LockoutEnabled], [u].[LockoutEnd], [u].[NormalizedEmail], [u].[NormalizedUserName], [u].[PasswordHash], [u].[PhoneNumber], [u].[PhoneNumberConfirmed], [u].[SecurityStamp], [u].[TwoFactorEnabled], [u].[UserName]
FROM [AspNetUsers] AS [u]
WHERE [u].[NormalizedEmail] = @__normalizedEmail_0 (6438bdd5)
2017-12-23T14:28:35.4688469-05:00  [INF] Executed DbCommand (29ms) [Parameters=[@p0='?' (Size = 450), @p1='?', @p2='?' (Size = 4000), @p3='?' (Size = 4000), @p4='?' (Size = 256), @p5='?', @p6='?' (Size = 4000), @p7='?', @p8='?' (Size = 4000), @p9='?', @p10='?', @p11='?' (Size = 256), @p12='?' (Size = 256), @p13='?' (Size = 4000), @p14='?' (Size = 4000), @p15='?', @p16='?' (Size = 4000), @p17='?', @p18='?' (Size = 256)], CommandType='Text', CommandTimeout='30']
SET NOCOUNT ON;
INSERT INTO [AspNetUsers] ([Id], [AccessFailedCount], [ConcurrencyStamp], [Configuration], [Email], [EmailConfirmed], [FullName], [IsEnabled], [JobTitle], [LockoutEnabled], [LockoutEnd], [NormalizedEmail], [NormalizedUserName], [PasswordHash], [PhoneNumber], [PhoneNumberConfirmed], [SecurityStamp], [TwoFactorEnabled], [UserName])
VALUES (@p0, @p1, @p2, @p3, @p4, @p5, @p6, @p7, @p8, @p9, @p10, @p11, @p12, @p13, @p14, @p15, @p16, @p17, @p18); (6438bdd5)
2017-12-23T14:28:35.5169750-05:00  [INF] Executed DbCommand (45ms) [Parameters=[@__normalizedUserName_0='?' (Size = 256)], CommandType='Text', CommandTimeout='30']
SELECT TOP(1) [u].[Id], [u].[AccessFailedCount], [u].[ConcurrencyStamp], [u].[Configuration], [u].[Email], [u].[EmailConfirmed], [u].[FullName], [u].[IsEnabled], [u].[JobTitle], [u].[LockoutEnabled], [u].[LockoutEnd], [u].[NormalizedEmail], [u].[NormalizedUserName], [u].[PasswordHash], [u].[PhoneNumber], [u].[PhoneNumberConfirmed], [u].[SecurityStamp], [u].[TwoFactorEnabled], [u].[UserName]
FROM [AspNetUsers] AS [u]
WHERE [u].[NormalizedUserName] = @__normalizedUserName_0 (6438bdd5)
2017-12-23T14:28:35.5390327-05:00  [INF] Executed DbCommand (20ms) [Parameters=[@__normalizedRoleName_0='?' (Size = 256)], CommandType='Text', CommandTimeout='30']
SELECT TOP(2) [r].[Id], [r].[ConcurrencyStamp], [r].[Description], [r].[Name], [r].[NormalizedName]
FROM [AspNetRoles] AS [r]
WHERE [r].[NormalizedName] = @__normalizedRoleName_0 (6438bdd5)
2017-12-23T14:28:35.5671076-05:00  [INF] Executed DbCommand (24ms) [Parameters=[@__get_Item_0='?' (Size = 450), @__get_Item_1='?' (Size = 450)], CommandType='Text', CommandTimeout='30']
SELECT TOP(1) [e].[UserId], [e].[RoleId]
FROM [AspNetUserRoles] AS [e]
WHERE ([e].[UserId] = @__get_Item_0) AND ([e].[RoleId] = @__get_Item_1) (6438bdd5)
2017-12-23T14:28:35.6162380-05:00  [INF] Executed DbCommand (41ms) [Parameters=[@__normalizedRoleName_0='?' (Size = 256)], CommandType='Text', CommandTimeout='30']
SELECT TOP(2) [r].[Id], [r].[ConcurrencyStamp], [r].[Description], [r].[Name], [r].[NormalizedName]
FROM [AspNetRoles] AS [r]
WHERE [r].[NormalizedName] = @__normalizedRoleName_0 (6438bdd5)
2017-12-23T14:28:36.2058032-05:00  [INF] Executed DbCommand (65ms) [Parameters=[@__normalizedUserName_0='?' (Size = 256)], CommandType='Text', CommandTimeout='30']
SELECT TOP(1) [u].[Id], [u].[AccessFailedCount], [u].[ConcurrencyStamp], [u].[Configuration], [u].[Email], [u].[EmailConfirmed], [u].[FullName], [u].[IsEnabled], [u].[JobTitle], [u].[LockoutEnabled], [u].[LockoutEnd], [u].[NormalizedEmail], [u].[NormalizedUserName], [u].[PasswordHash], [u].[PhoneNumber], [u].[PhoneNumberConfirmed], [u].[SecurityStamp], [u].[TwoFactorEnabled], [u].[UserName]
FROM [AspNetUsers] AS [u]
WHERE [u].[NormalizedUserName] = @__normalizedUserName_0 (6438bdd5)
2017-12-23T14:28:36.2449061-05:00  [INF] Executed DbCommand (38ms) [Parameters=[@__normalizedEmail_0='?' (Size = 256)], CommandType='Text', CommandTimeout='30']
SELECT TOP(1) [u].[Id], [u].[AccessFailedCount], [u].[ConcurrencyStamp], [u].[Configuration], [u].[Email], [u].[EmailConfirmed], [u].[FullName], [u].[IsEnabled], [u].[JobTitle], [u].[LockoutEnabled], [u].[LockoutEnd], [u].[NormalizedEmail], [u].[NormalizedUserName], [u].[PasswordHash], [u].[PhoneNumber], [u].[PhoneNumberConfirmed], [u].[SecurityStamp], [u].[TwoFactorEnabled], [u].[UserName]
FROM [AspNetUsers] AS [u]
WHERE [u].[NormalizedEmail] = @__normalizedEmail_0 (6438bdd5)
2017-12-23T14:28:36.2820050-05:00  [INF] Executed DbCommand (34ms) [Parameters=[@p0='?' (Size = 450), @p1='?' (Size = 450), @p20='?' (Size = 450), @p2='?', @p3='?' (Size = 4000), @p21='?' (Size = 4000), @p4='?' (Size = 4000), @p5='?' (Size = 256), @p6='?', @p7='?' (Size = 4000), @p8='?', @p9='?' (Size = 4000), @p10='?', @p11='?', @p12='?' (Size = 256), @p13='?' (Size = 256), @p14='?' (Size = 4000), @p15='?' (Size = 4000), @p16='?', @p17='?' (Size = 4000), @p18='?', @p19='?' (Size = 256)], CommandType='Text', CommandTimeout='30']
SET NOCOUNT ON;
INSERT INTO [AspNetUserRoles] ([UserId], [RoleId])
VALUES (@p0, @p1);
UPDATE [AspNetUsers] SET [AccessFailedCount] = @p2, [ConcurrencyStamp] = @p3, [Configuration] = @p4, [Email] = @p5, [EmailConfirmed] = @p6, [FullName] = @p7, [IsEnabled] = @p8, [JobTitle] = @p9, [LockoutEnabled] = @p10, [LockoutEnd] = @p11, [NormalizedEmail] = @p12, [NormalizedUserName] = @p13, [PasswordHash] = @p14, [PhoneNumber] = @p15, [PhoneNumberConfirmed] = @p16, [SecurityStamp] = @p17, [TwoFactorEnabled] = @p18, [UserName] = @p19
WHERE [Id] = @p20 AND [ConcurrencyStamp] = @p21;
SELECT @@ROWCOUNT; (6438bdd5)
2017-12-23T14:28:36.3802653-05:00  [INF] Executed DbCommand (86ms) [Parameters=[], CommandType='Text', CommandTimeout='30']
SELECT CASE
    WHEN EXISTS (
        SELECT 1
        FROM [Participant] AS [p])
    THEN CAST(1 AS BIT) ELSE CAST(0 AS BIT)
END (6438bdd5)
2017-12-23T14:28:37.0360057-05:00 0HLAA7DEJKIFP [INF] Request starting HTTP/1.1 GET http://localhost:4863/   (e5be5b71)
2017-12-23T14:28:37.2525799-05:00 0HLAA7DEJKIFP [DBG] Authentication was skipped because no bearer token was received. (9de85986)
2017-12-23T14:28:38.1048422-05:00 0HLAA7DEJKIFP [INF] Executing action method "IdentityScoreJult28.Controllers.HomeController.Index (IdentityScoreJult28)" with arguments (null) - ModelState is Valid (ba7f4ac2)
2017-12-23T14:28:42.6539124-05:00 0HLAA7DEJKIFP [INF] Executing ViewResult, running view at path "/Views/Home/Index.cshtml". (9707eebe)
2017-12-23T14:28:44.4085683-05:00 0HLAA7DEJKIFP [INF] Executed action "IdentityScoreJult28.Controllers.HomeController.Index (IdentityScoreJult28)" in 6576.7126ms (afa2e885)
2017-12-23T14:28:44.4416581-05:00 0HLAA7DEJKIFP [INF] Request finished in 7432.898ms 200 text/html; charset=utf-8 (15c52c40)
2017-12-23T14:28:44.4556962-05:00 0HLAA7DEJKIFQ [INF] Request starting HTTP/1.1 GET http://localhost:4863/dist/main-client.js?v=L0BXgWPEDg7jISUDPn1jK99CLMVQEdZFOeUxiNCd1ks   (e5be5b71)
2017-12-23T14:28:44.4617093-05:00 0HLAA7DEJKIFR [INF] Request starting HTTP/1.1 GET http://localhost:4863/dist/vendor.css?v=yrw9MTfDil55iHyPojwYD2quA2ApcH4FrgpbDk_FeeM   (e5be5b71)
2017-12-23T14:28:44.4647177-05:00 0HLAA7DEJKIFS [INF] Request starting HTTP/1.1 GET http://localhost:4863/dist/vendor.js?v=BkbGIQnBsrT4bTZVIXy3_QTmbneqbTrl-2MCOEvzDUs   (e5be5b71)
2017-12-23T14:29:09.9859026-05:00  [INF] webpack built 8f9ab582ac1aded5b2fb in 41987ms (fd5e22e2)
2017-12-23T14:29:10.7278714-05:00 0HLAA7DEJKIFS [INF] The file "/dist/vendor.js" was not modified (f1f8d725)
2017-12-23T14:29:10.7780044-05:00 0HLAA7DEJKIFR [INF] The file "/dist/vendor.css" was not modified (f1f8d725)
2017-12-23T14:29:10.8852891-05:00 0HLAA7DEJKIFR [INF] Request finished in 26423.4646ms 304 text/css (15c52c40)
2017-12-23T14:29:10.8933103-05:00 0HLAA7DEJKIFS [INF] Request finished in 26429.243ms 304 application/javascript (15c52c40)
2017-12-23T14:29:10.9344190-05:00  [ERR] Hash: 8f9ab582ac1aded5b2fb
Version: webpack 2.6.1
Time: 41987ms
                               Asset     Size  Chunks                    Chunk Names
674f50d287a8c48dc19ba404d20fe713.eot   166 kB          [emitted]         
b06871f281fee6b241d60582ae9369b9.ttf   166 kB          [emitted]         
fd1f56af8e7577e1c3d8a7b508fba499.png  30.5 kB          [emitted]         
d3ad436c1c84555e6738bf177aecc987.png  43.6 kB          [emitted]         
b118353131dc197cb748c794c10473e7.png  25.6 kB          [emitted]         
912ec66d7572ff821749319396470bde.svg   444 kB          [emitted]  [big]  
                      main-client.js  4.75 MB       0  [emitted]  [big]  main-client
                  main-client.js.map  5.61 MB       0  [emitted]         main-client
chunk    {0} main-client.js, main-client.js.map (main-client) 4.48 MB [entry] [rendered]
    [0] delegated ./node_modules/@angular/core/@angular/core.es5.js from dll-reference vendor_21bb31f8cf7f1e3d6efd 42 bytes {0} [not cacheable] [built]
    [4] external "vendor_21bb31f8cf7f1e3d6efd" 42 bytes {0} [not cacheable]
  [379] ./ClientApp/boot-client.ts 935 bytes {0} [built]
  [380] (webpack)-hot-middleware/client.js?path=%2F__webpack_hmr 6.68 kB {0} [built]
  [381] delegated ./node_modules/event-source-polyfill/eventsource.js from dll-reference vendor_21bb31f8cf7f1e3d6efd 42 bytes {0} [not cacheable] [built]
  [422] ./ClientApp/app/app.module.ts 16.9 kB {0} [built]
  [731] ./~/querystring-es3/index.js 127 bytes {0} [built]
  [963] ./~/strip-ansi/index.js 161 bytes {0} [built]
 [1021] (webpack)-hot-middleware/client-overlay.js 1.82 kB {0} [built]
 [1022] (webpack)-hot-middleware/process-update.js 3.88 kB {0} [built]
 [1026] delegated ./node_modules/@angular/platform-browser-dynamic/@angular/platform-browser-dynamic.es5.js from dll-reference vendor_21bb31f8cf7f1e3d6efd 42 bytes {0} [not cacheable] [built]
 [1030] delegated ./node_modules/core-js/client/shim.js from dll-reference vendor_21bb31f8cf7f1e3d6efd 42 bytes {0} [not cacheable] [built]
 [1036] delegated ./node_modules/web-animations-js/web-animations.min.js from dll-reference vendor_21bb31f8cf7f1e3d6efd 42 bytes {0} [not cacheable] [built]
 [1054] delegated ./node_modules/webpack/buildin/module.js from dll-reference vendor_21bb31f8cf7f1e3d6efd 42 bytes {0} [not cacheable] [built]
 [1057] multi event-source-polyfill webpack-hot-middleware/client?path=%2F__webpack_hmr ./ClientApp/boot-client.ts 52 bytes {0} [built]
     + 1043 hidden modules

WARNING in ./ClientApp/app/components/DashboardControls/taskeditmodal.component.ts
There are multiple modules with names that only differ in casing.
This can lead to unexpected behavior when compiling on a filesystem with other case-semantic.
Use equal casing. Compare these module identifiers:
* C:\Users\kmeghana\Source\Repos\PstarPhase3A\IdentityScoreJult28\IdentityScoreJult28\node_modules\awesome-typescript-loader\dist\entry.js?silent=true!C:\Users\kmeghana\Source\Repos\PstarPhase3A\IdentityScoreJult28\IdentityScoreJult28\node_modules\angular2-template-loader\index.js!C:\Users\kmeghana\Source\Repos\PstarPhase3A\IdentityScoreJult28\IdentityScoreJult28\ClientApp\app\components\DashboardControls\taskeditmodal.component.ts
    Used by 1 module(s), i. e.
    C:\Users\kmeghana\Source\Repos\PstarPhase3A\IdentityScoreJult28\IdentityScoreJult28\node_modules\awesome-typescript-loader\dist\entry.js?silent=true!C:\Users\kmeghana\Source\Repos\PstarPhase3A\IdentityScoreJult28\IdentityScoreJult28\node_modules\angular2-template-loader\index.js!C:\Users\kmeghana\Source\Repos\PstarPhase3A\IdentityScoreJult28\IdentityScoreJult28\ClientApp\app\components\DashboardControls\surveyboard.component.ts
* C:\Users\kmeghana\Source\Repos\PstarPhase3A\IdentityScoreJult28\IdentityScoreJult28\node_modules\awesome-typescript-loader\dist\entry.js?silent=true!C:\Users\kmeghana\Source\Repos\PstarPhase3A\IdentityScoreJult28\IdentityScoreJult28\node_modules\angular2-template-loader\index.js!C:\Users\kmeghana\Source\Repos\PstarPhase3A\IdentityScoreJult28\IdentityScoreJult28\ClientApp\app\components\dashboardcontrols\TaskEditModal.component.ts
    Used by 1 module(s), i. e.
    C:\Users\kmeghana\Source\Repos\PstarPhase3A\IdentityScoreJult28\IdentityScoreJult28\node_modules\awesome-typescript-loader\dist\entry.js?silent=true!C:\Users\kmeghana\Source\Repos\PstarPhase3A\IdentityScoreJult28\IdentityScoreJult28\node_modules\angular2-template-loader\index.js!C:\Users\kmeghana\Source\Repos\PstarPhase3A\IdentityScoreJult28\IdentityScoreJult28\ClientApp\app\app.module.ts

WARNING in ./ClientApp/app/components/DashboardControls/SurveyUrlEditModal.component.ts
There are multiple modules with names that only differ in casing.
This can lead to unexpected behavior when compiling on a filesystem with other case-semantic.
Use equal casing. Compare these module identifiers:
* C:\Users\kmeghana\Source\Repos\PstarPhase3A\IdentityScoreJult28\IdentityScoreJult28\node_modules\awesome-typescript-loader\dist\entry.js?silent=true!C:\Users\kmeghana\Source\Repos\PstarPhase3A\IdentityScoreJult28\IdentityScoreJult28\node_modules\angular2-template-loader\index.js!C:\Users\kmeghana\Source\Repos\PstarPhase3A\IdentityScoreJult28\IdentityScoreJult28\ClientApp\app\components\DashboardControls\SurveyUrlEditModal.component.ts
    Used by 1 module(s), i. e.
    C:\Users\kmeghana\Source\Repos\PstarPhase3A\IdentityScoreJult28\IdentityScoreJult28\node_modules\awesome-typescript-loader\dist\entry.js?silent=true!C:\Users\kmeghana\Source\Repos\PstarPhase3A\IdentityScoreJult28\IdentityScoreJult28\node_modules\angular2-template-loader\index.js!C:\Users\kmeghana\Source\Repos\PstarPhase3A\IdentityScoreJult28\IdentityScoreJult28\ClientApp\app\components\DashboardControls\surveyboard.component.ts
* C:\Users\kmeghana\Source\Repos\PstarPhase3A\IdentityScoreJult28\IdentityScoreJult28\node_modules\awesome-typescript-loader\dist\entry.js?silent=true!C:\Users\kmeghana\Source\Repos\PstarPhase3A\IdentityScoreJult28\IdentityScoreJult28\node_modules\angular2-template-loader\index.js!C:\Users\kmeghana\Source\Repos\PstarPhase3A\IdentityScoreJult28\IdentityScoreJult28\ClientApp\app\components\dashboardcontrols\SurveyUrlEditModal.component.ts
    Used by 1 module(s), i. e.
    C:\Users\kmeghana\Source\Repos\PstarPhase3A\IdentityScoreJult28\IdentityScoreJult28\node_modules\awesome-typescript-loader\dist\entry.js?silent=true!C:\Users\kmeghana\Source\Repos\PstarPhase3A\IdentityScoreJult28\IdentityScoreJult28\node_modules\angular2-template-loader\index.js!C:\Users\kmeghana\Source\Repos\PstarPhase3A\IdentityScoreJult28\IdentityScoreJult28\ClientApp\app\app.module.ts

WARNING in ./ClientApp/app/components/DashboardControls/TaskEditModal.component.html
There are multiple modules with names that only differ in casing.
This can lead to unexpected behavior when compiling on a filesystem with other case-semantic.
Use equal casing. Compare these module identifiers:
* C:\Users\kmeghana\Source\Repos\PstarPhase3A\IdentityScoreJult28\IdentityScoreJult28\node_modules\html-loader\index.js?minimize=false!C:\Users\kmeghana\Source\Repos\PstarPhase3A\IdentityScoreJult28\IdentityScoreJult28\ClientApp\app\components\DashboardControls\TaskEditModal.component.html
    Used by 1 module(s), i. e.
    C:\Users\kmeghana\Source\Repos\PstarPhase3A\IdentityScoreJult28\IdentityScoreJult28\node_modules\awesome-typescript-loader\dist\entry.js?silent=true!C:\Users\kmeghana\Source\Repos\PstarPhase3A\IdentityScoreJult28\IdentityScoreJult28\node_modules\angular2-template-loader\index.js!C:\Users\kmeghana\Source\Repos\PstarPhase3A\IdentityScoreJult28\IdentityScoreJult28\ClientApp\app\components\DashboardControls\taskeditmodal.component.ts
* C:\Users\kmeghana\Source\Repos\PstarPhase3A\IdentityScoreJult28\IdentityScoreJult28\node_modules\html-loader\index.js?minimize=false!C:\Users\kmeghana\Source\Repos\PstarPhase3A\IdentityScoreJult28\IdentityScoreJult28\ClientApp\app\components\dashboardcontrols\TaskEditModal.component.html
    Used by 1 module(s), i. e.
    C:\Users\kmeghana\Source\Repos\PstarPhase3A\IdentityScoreJult28\IdentityScoreJult28\node_modules\awesome-typescript-loader\dist\entry.js?silent=true!C:\Users\kmeghana\Source\Repos\PstarPhase3A\IdentityScoreJult28\IdentityScoreJult28\node_modules\angular2-template-loader\index.js!C:\Users\kmeghana\Source\Repos\PstarPhase3A\IdentityScoreJult28\IdentityScoreJult28\ClientApp\app\components\dashboardcontrols\TaskEditModal.component.ts

WARNING in ./ClientApp/app/components/DashboardControls/TaskEditModal.component.css
There are multiple modules with names that only differ in casing.
This can lead to unexpected behavior when compiling on a filesystem with other case-semantic.
Use equal casing. Compare these module identifiers:
* C:\Users\kmeghana\Source\Repos\PstarPhase3A\IdentityScoreJult28\IdentityScoreJult28\node_modules\to-string-loader\src\to-string.js!C:\Users\kmeghana\Source\Repos\PstarPhase3A\IdentityScoreJult28\IdentityScoreJult28\node_modules\css-loader\index.js!C:\Users\kmeghana\Source\Repos\PstarPhase3A\IdentityScoreJult28\IdentityScoreJult28\ClientApp\app\components\DashboardControls\TaskEditModal.component.css
    Used by 1 module(s), i. e.
    C:\Users\kmeghana\Source\Repos\PstarPhase3A\IdentityScoreJult28\IdentityScoreJult28\node_modules\awesome-typescript-loader\dist\entry.js?silent=true!C:\Users\kmeghana\Source\Repos\PstarPhase3A\IdentityScoreJult28\IdentityScoreJult28\node_modules\angular2-template-loader\index.js!C:\Users\kmeghana\Source\Repos\PstarPhase3A\IdentityScoreJult28\IdentityScoreJult28\ClientApp\app\components\DashboardControls\taskeditmodal.component.ts
* C:\Users\kmeghana\Source\Repos\PstarPhase3A\IdentityScoreJult28\IdentityScoreJult28\node_modules\to-string-loader\src\to-string.js!C:\Users\kmeghana\Source\Repos\PstarPhase3A\IdentityScoreJult28\IdentityScoreJult28\node_modules\css-loader\index.js!C:\Users\kmeghana\Source\Repos\PstarPhase3A\IdentityScoreJult28\IdentityScoreJult28\ClientApp\app\components\dashboardcontrols\TaskEditModal.component.css
    Used by 1 module(s), i. e.
    C:\Users\kmeghana\Source\Repos\PstarPhase3A\IdentityScoreJult28\IdentityScoreJult28\node_modules\awesome-typescript-loader\dist\entry.js?silent=true!C:\Users\kmeghana\Source\Repos\PstarPhase3A\IdentityScoreJult28\IdentityScoreJult28\node_modules\angular2-template-loader\index.js!C:\Users\kmeghana\Source\Repos\PstarPhase3A\IdentityScoreJult28\IdentityScoreJult28\ClientApp\app\components\dashboardcontrols\TaskEditModal.component.ts

WARNING in ./~/css-loader!./ClientApp/app/components/DashboardControls/TaskEditModal.component.css
There are multiple modules with names that only differ in casing.
This can lead to unexpected behavior when compiling on a filesystem with other case-semantic.
Use equal casing. Compare these module identifiers:
* C:\Users\kmeghana\Source\Repos\PstarPhase3A\IdentityScoreJult28\IdentityScoreJult28\node_modules\css-loader\index.js!C:\Users\kmeghana\Source\Repos\PstarPhase3A\IdentityScoreJult28\IdentityScoreJult28\ClientApp\app\components\DashboardControls\TaskEditModal.component.css
    Used by 1 module(s), i. e.
    C:\Users\kmeghana\Source\Repos\PstarPhase3A\IdentityScoreJult28\IdentityScoreJult28\node_modules\to-string-loader\src\to-string.js!C:\Users\kmeghana\Source\Repos\PstarPhase3A\IdentityScoreJult28\IdentityScoreJult28\node_modules\css-loader\index.js!C:\Users\kmeghana\Source\Repos\PstarPhase3A\IdentityScoreJult28\IdentityScoreJult28\ClientApp\app\components\DashboardControls\TaskEditModal.component.css
* C:\Users\kmeghana\Source\Repos\PstarPhase3A\IdentityScoreJult28\IdentityScoreJult28\node_modules\css-loader\index.js!C:\Users\kmeghana\Source\Repos\PstarPhase3A\IdentityScoreJult28\IdentityScoreJult28\ClientApp\app\components\dashboardcontrols\TaskEditModal.component.css
    Used by 1 module(s), i. e.
    C:\Users\kmeghana\Source\Repos\PstarPhase3A\IdentityScoreJult28\IdentityScoreJult28\node_modules\to-string-loader\src\to-string.js!C:\Users\kmeghana\Source\Repos\PstarPhase3A\IdentityScoreJult28\IdentityScoreJult28\node_modules\css-loader\index.js!C:\Users\kmeghana\Source\Repos\PstarPhase3A\IdentityScoreJult28\IdentityScoreJult28\ClientApp\app\components\dashboardcontrols\TaskEditModal.component.css

WARNING in ./ClientApp/app/components/DashboardControls/SurveyUrlEditModal.component.html
There are multiple modules with names that only differ in casing.
This can lead to unexpected behavior when compiling on a filesystem with other case-semantic.
Use equal casing. Compare these module identifiers:
* C:\Users\kmeghana\Source\Repos\PstarPhase3A\IdentityScoreJult28\IdentityScoreJult28\node_modules\html-loader\index.js?minimize=false!C:\Users\kmeghana\Source\Repos\PstarPhase3A\IdentityScoreJult28\IdentityScoreJult28\ClientApp\app\components\DashboardControls\SurveyUrlEditModal.component.html
    Used by 1 module(s), i. e.
    C:\Users\kmeghana\Source\Repos\PstarPhase3A\IdentityScoreJult28\IdentityScoreJult28\node_modules\awesome-typescript-loader\dist\entry.js?silent=true!C:\Users\kmeghana\Source\Repos\PstarPhase3A\IdentityScoreJult28\IdentityScoreJult28\node_modules\angular2-template-loader\index.js!C:\Users\kmeghana\Source\Repos\PstarPhase3A\IdentityScoreJult28\IdentityScoreJult28\ClientApp\app\components\DashboardControls\SurveyUrlEditModal.component.ts
* C:\Users\kmeghana\Source\Repos\PstarPhase3A\IdentityScoreJult28\IdentityScoreJult28\node_modules\html-loader\index.js?minimize=false!C:\Users\kmeghana\Source\Repos\PstarPhase3A\IdentityScoreJult28\IdentityScoreJult28\ClientApp\app\components\dashboardcontrols\SurveyUrlEditModal.component.html
    Used by 1 module(s), i. e.
    C:\Users\kmeghana\Source\Repos\PstarPhase3A\IdentityScoreJult28\IdentityScoreJult28\node_modules\awesome-typescript-loader\dist\entry.js?silent=true!C:\Users\kmeghana\Source\Repos\PstarPhase3A\IdentityScoreJult28\IdentityScoreJult28\node_modules\angular2-template-loader\index.js!C:\Users\kmeghana\Source\Repos\PstarPhase3A\IdentityScoreJult28\IdentityScoreJult28\ClientApp\app\components\dashboardcontrols\SurveyUrlEditModal.component.ts

WARNING in ./ClientApp/app/components/DashboardControls/SurveyUrlEditModal.component.css
There are multiple modules with names that only differ in casing.
This can lead to unexpected behavior when compiling on a filesystem with other case-semantic.
Use equal casing. Compare these module identifiers:
* C:\Users\kmeghana\Source\Repos\PstarPhase3A\IdentityScoreJult28\IdentityScoreJult28\node_modules\to-string-loader\src\to-string.js!C:\Users\kmeghana\Source\Repos\PstarPhase3A\IdentityScoreJult28\IdentityScoreJult28\node_modules\css-loader\index.js!C:\Users\kmeghana\Source\Repos\PstarPhase3A\IdentityScoreJult28\IdentityScoreJult28\ClientApp\app\components\DashboardControls\SurveyUrlEditModal.component.css
    Used by 1 module(s), i. e.
    C:\Users\kmeghana\Source\Repos\PstarPhase3A\IdentityScoreJult28\IdentityScoreJult28\node_modules\awesome-typescript-loader\dist\entry.js?silent=true!C:\Users\kmeghana\Source\Repos\PstarPhase3A\IdentityScoreJult28\IdentityScoreJult28\node_modules\angular2-template-loader\index.js!C:\Users\kmeghana\Source\Repos\PstarPhase3A\IdentityScoreJult28\IdentityScoreJult28\ClientApp\app\components\DashboardControls\SurveyUrlEditModal.component.ts
* C:\Users\kmeghana\Source\Repos\PstarPhase3A\IdentityScoreJult28\IdentityScoreJult28\node_modules\to-string-loader\src\to-string.js!C:\Users\kmeghana\Source\Repos\PstarPhase3A\IdentityScoreJult28\IdentityScoreJult28\node_modules\css-loader\index.js!C:\Users\kmeghana\Source\Repos\PstarPhase3A\IdentityScoreJult28\IdentityScoreJult28\ClientApp\app\components\dashboardcontrols\SurveyUrlEditModal.component.css
    Used by 1 module(s), i. e.
    C:\Users\kmeghana\Source\Repos\PstarPhase3A\IdentityScoreJult28\IdentityScoreJult28\node_modules\awesome-typescript-loader\dist\entry.js?silent=true!C:\Users\kmeghana\Source\Repos\PstarPhase3A\IdentityScoreJult28\IdentityScoreJult28\node_modules\angular2-template-loader\index.js!C:\Users\kmeghana\Source\Repos\PstarPhase3A\IdentityScoreJult28\IdentityScoreJult28\ClientApp\app\components\dashboardcontrols\SurveyUrlEditModal.component.ts

WARNING in ./~/css-loader!./ClientApp/app/components/DashboardControls/SurveyUrlEditModal.component.css
There are multiple modules with names that only differ in casing.
This can lead to unexpected behavior when compiling on a filesystem with other case-semantic.
Use equal casing. Compare these module identifiers:
* C:\Users\kmeghana\Source\Repos\PstarPhase3A\IdentityScoreJult28\IdentityScoreJult28\node_modules\css-loader\index.js!C:\Users\kmeghana\Source\Repos\PstarPhase3A\IdentityScoreJult28\IdentityScoreJult28\ClientApp\app\components\DashboardControls\SurveyUrlEditModal.component.css
    Used by 1 module(s), i. e.
    C:\Users\kmeghana\Source\Repos\PstarPhase3A\IdentityScoreJult28\IdentityScoreJult28\node_modules\to-string-loader\src\to-string.js!C:\Users\kmeghana\Source\Repos\PstarPhase3A\IdentityScoreJult28\IdentityScoreJult28\node_modules\css-loader\index.js!C:\Users\kmeghana\Source\Repos\PstarPhase3A\IdentityScoreJult28\IdentityScoreJult28\ClientApp\app\components\DashboardControls\SurveyUrlEditModal.component.css
* C:\Users\kmeghana\Source\Repos\PstarPhase3A\IdentityScoreJult28\IdentityScoreJult28\node_modules\css-loader\index.js!C:\Users\kmeghana\Source\Repos\PstarPhase3A\IdentityScoreJult28\IdentityScoreJult28\ClientApp\app\components\dashboardcontrols\SurveyUrlEditModal.component.css
    Used by 1 module(s), i. e.
    C:\Users\kmeghana\Source\Repos\PstarPhase3A\IdentityScoreJult28\IdentityScoreJult28\node_modules\to-string-loader\src\to-string.js!C:\Users\kmeghana\Source\Repos\PstarPhase3A\IdentityScoreJult28\IdentityScoreJult28\node_modules\css-loader\index.js!C:\Users\kmeghana\Source\Repos\PstarPhase3A\IdentityScoreJult28\IdentityScoreJult28\ClientApp\app\components\dashboardcontrols\SurveyUrlEditModal.component.css (398edbbb)
2017-12-23T14:29:14.1409273-05:00 0HLAA7DEJKIFQ [INF] Request finished in 29685.7694ms 200 application/javascript; charset=UTF-8 (15c52c40)
2017-12-23T14:29:19.3568748-05:00 0HLAA7DEJKIFT [INF] Request starting HTTP/1.1 GET http://localhost:4863/__webpack_hmr   (e5be5b71)
2017-12-23T14:30:01.8031001-05:00 0HLAA7DEJKIFU [INF] Request starting HTTP/1.1 POST http://localhost:4863/connect/token application/x-www-form-urlencoded 142 (e5be5b71)
2017-12-23T14:30:01.9449830-05:00 0HLAA7DEJKIFU [INF] The token request was successfully extracted from the HTTP request: "{
  \"username\": \"admin\",
  \"password\": \"[removed for security reasons]\",
  \"grant_type\": \"password\",
  \"scope\": \"openid email profile offline_access roles\",
  \"resource\": \"http://localhost:4863\"
}". (ebc01284)
2017-12-23T14:30:01.9600553-05:00 0HLAA7DEJKIFU [DBG] The token request validation process was partially skipped because the 'client_id' parameter was missing or empty. (fcec36a0)
2017-12-23T14:30:01.9610251-05:00 0HLAA7DEJKIFU [INF] The token request was successfully validated. (d7e51e65)
2017-12-23T14:30:01.9720555-05:00 0HLAA7DEJKIFU [DBG] The default token request handling was skipped from user code. (72afae05)
2017-12-23T14:30:01.9730586-05:00 0HLAA7DEJKIFU [DBG] Authentication was skipped because no bearer token was received. (9de85986)
2017-12-23T14:30:02.1364908-05:00 0HLAA7DEJKIFU [INF] Executing action method "IdentityScoreJult28.Controllers.AuthorizationController.Exchange (IdentityScoreJult28)" with arguments (["{
  \"username\": \"admin\",
  \"password\": \"[removed for security reasons]\",
  \"grant_type\": \"password\",
  \"scope\": \"openid email profile offline_access roles\",
  \"resource\": \"http://localhost:4863\"
}"]) - ModelState is Valid (ba7f4ac2)
2017-12-23T14:30:02.1856196-05:00 0HLAA7DEJKIFU [INF] Executed DbCommand (32ms) [Parameters=[@__normalizedEmail_0='?' (Size = 256)], CommandType='Text', CommandTimeout='30']
SELECT TOP(1) [u].[Id], [u].[AccessFailedCount], [u].[ConcurrencyStamp], [u].[Configuration], [u].[Email], [u].[EmailConfirmed], [u].[FullName], [u].[IsEnabled], [u].[JobTitle], [u].[LockoutEnabled], [u].[LockoutEnd], [u].[NormalizedEmail], [u].[NormalizedUserName], [u].[PasswordHash], [u].[PhoneNumber], [u].[PhoneNumberConfirmed], [u].[SecurityStamp], [u].[TwoFactorEnabled], [u].[UserName]
FROM [AspNetUsers] AS [u]
WHERE [u].[NormalizedEmail] = @__normalizedEmail_0 (6438bdd5)
2017-12-23T14:30:02.2297368-05:00 0HLAA7DEJKIFU [INF] Executed DbCommand (42ms) [Parameters=[@__normalizedUserName_0='?' (Size = 256)], CommandType='Text', CommandTimeout='30']
SELECT TOP(1) [u].[Id], [u].[AccessFailedCount], [u].[ConcurrencyStamp], [u].[Configuration], [u].[Email], [u].[EmailConfirmed], [u].[FullName], [u].[IsEnabled], [u].[JobTitle], [u].[LockoutEnabled], [u].[LockoutEnd], [u].[NormalizedEmail], [u].[NormalizedUserName], [u].[PasswordHash], [u].[PhoneNumber], [u].[PhoneNumberConfirmed], [u].[SecurityStamp], [u].[TwoFactorEnabled], [u].[UserName]
FROM [AspNetUsers] AS [u]
WHERE [u].[NormalizedUserName] = @__normalizedUserName_0 (6438bdd5)
2017-12-23T14:30:02.5034609-05:00 0HLAA7DEJKIFU [INF] Executed DbCommand (34ms) [Parameters=[@__userId_0='?' (Size = 450)], CommandType='Text', CommandTimeout='30']
SELECT [role].[Name]
FROM [AspNetUserRoles] AS [userRole]
INNER JOIN [AspNetRoles] AS [role] ON [userRole].[RoleId] = [role].[Id]
WHERE [userRole].[UserId] = @__userId_0 (6438bdd5)
2017-12-23T14:30:02.5395564-05:00 0HLAA7DEJKIFU [INF] Executed DbCommand (32ms) [Parameters=[@__normalizedName_0='?' (Size = 256)], CommandType='Text', CommandTimeout='30']
SELECT TOP(1) [r].[Id], [r].[ConcurrencyStamp], [r].[Description], [r].[Name], [r].[NormalizedName]
FROM [AspNetRoles] AS [r]
WHERE [r].[NormalizedName] = @__normalizedName_0 (6438bdd5)
2017-12-23T14:30:02.5897765-05:00 0HLAA7DEJKIFU [INF] Executed DbCommand (30ms) [Parameters=[@__role_Id_0='?' (Size = 450)], CommandType='Text', CommandTimeout='30']
SELECT [rc].[ClaimType], [rc].[ClaimValue]
FROM [AspNetRoleClaims] AS [rc]
WHERE [rc].[RoleId] = @__role_Id_0 (6438bdd5)
2017-12-23T14:30:02.6638867-05:00 0HLAA7DEJKIFU [INF] Executed DbCommand (49ms) [Parameters=[@__user_Id_0='?' (Size = 450)], CommandType='Text', CommandTimeout='30']
SELECT [uc].[Id], [uc].[ClaimType], [uc].[ClaimValue], [uc].[UserId]
FROM [AspNetUserClaims] AS [uc]
WHERE [uc].[UserId] = @__user_Id_0 (6438bdd5)
2017-12-23T14:30:02.6939655-05:00 0HLAA7DEJKIFU [INF] Executing SignInResult with authentication scheme ("ASOS") and the following principal: "System.Security.Claims.ClaimsPrincipal". (f8bf0a82)
2017-12-23T14:30:02.7370792-05:00 0HLAA7DEJKIFU [DBG] '"AspNet.Identity.SecurityStamp"' was excluded from the access token claims. (ed8f369e)
2017-12-23T14:30:02.7370792-05:00 0HLAA7DEJKIFU [DBG] '"email"' was excluded from the access token claims. (ed8f369e)
2017-12-23T14:30:02.7380823-05:00 0HLAA7DEJKIFU [DBG] '"fullname"' was excluded from the access token claims. (ed8f369e)
2017-12-23T14:30:02.7380823-05:00 0HLAA7DEJKIFU [DBG] '"phone"' was excluded from the access token claims. (ed8f369e)
2017-12-23T14:30:02.9977754-05:00 0HLAA7DEJKIFU [INF] Executed DbCommand (55ms) [Parameters=[@p0='?' (Size = 450), @p1='?' (Size = 450), @p2='?' (Size = 450), @p3='?' (Size = 4000), @p4='?' (Size = 4000)], CommandType='Text', CommandTimeout='30']
SET NOCOUNT ON;
INSERT INTO [OpenIddictTokens] ([Id], [ApplicationId], [AuthorizationId], [Subject], [Type])
VALUES (@p0, @p1, @p2, @p3, @p4); (6438bdd5)
2017-12-23T14:30:03.0188258-05:00 0HLAA7DEJKIFU [DBG] '"AspNet.Identity.SecurityStamp"' was excluded from the identity token claims. (7dcd2335)
2017-12-23T14:30:03.0629418-05:00 0HLAA7DEJKIFU [INF] The token response was successfully returned: "{
  \"token_type\": \"Bearer\",
  \"access_token\": \"[removed for security reasons]\",
  \"expires_in\": 3600,
  \"refresh_token\": \"[removed for security reasons]\",
  \"id_token\": \"[removed for security reasons]\"
}". (12d98310)
2017-12-23T14:30:03.0940240-05:00 0HLAA7DEJKIFU [INF] AuthenticationScheme: "ASOS" signed in. (c66dd7e7)
2017-12-23T14:30:03.0950271-05:00 0HLAA7DEJKIFU [INF] Executed action "IdentityScoreJult28.Controllers.AuthorizationController.Exchange (IdentityScoreJult28)" in 1093.9593ms (afa2e885)
2017-12-23T14:30:03.1030512-05:00 0HLAA7DEJKIFU [INF] Request finished in 1300.1202ms 200 application/json;charset=UTF-8 (15c52c40)
2017-12-23T14:44:18.3482847-05:00 0HLAA7DEJKIFT [ERR] An unhandled exception has occurred while executing the request (cf926119)
System.Threading.Tasks.TaskCanceledException: A task was canceled.
   at System.Runtime.CompilerServices.TaskAwaiter.ThrowForNonSuccess(Task task)
   at System.IO.Stream.<CopyToAsyncInternal>d__27.MoveNext()
--- End of stack trace from previous location where exception was thrown ---
   at System.Runtime.ExceptionServices.ExceptionDispatchInfo.Throw()
   at System.Runtime.CompilerServices.TaskAwaiter.ThrowForNonSuccess(Task task)
   at System.Runtime.CompilerServices.TaskAwaiter.HandleNonSuccessAndDebuggerNotification(Task task)
   at Microsoft.AspNetCore.SpaServices.Webpack.ConditionalProxyMiddleware.<PerformProxyRequest>d__7.MoveNext()
--- End of stack trace from previous location where exception was thrown ---
   at System.Runtime.ExceptionServices.ExceptionDispatchInfo.Throw()
   at System.Runtime.CompilerServices.TaskAwaiter.ThrowForNonSuccess(Task task)
   at System.Runtime.CompilerServices.TaskAwaiter.HandleNonSuccessAndDebuggerNotification(Task task)
   at Microsoft.AspNetCore.SpaServices.Webpack.ConditionalProxyMiddleware.<Invoke>d__6.MoveNext()
--- End of stack trace from previous location where exception was thrown ---
   at System.Runtime.ExceptionServices.ExceptionDispatchInfo.Throw()
   at System.Runtime.CompilerServices.TaskAwaiter.ThrowForNonSuccess(Task task)
   at System.Runtime.CompilerServices.TaskAwaiter.HandleNonSuccessAndDebuggerNotification(Task task)
   at Microsoft.AspNetCore.SpaServices.Webpack.ConditionalProxyMiddleware.<Invoke>d__6.MoveNext()
--- End of stack trace from previous location where exception was thrown ---
   at System.Runtime.ExceptionServices.ExceptionDispatchInfo.Throw()
   at System.Runtime.CompilerServices.TaskAwaiter.ThrowForNonSuccess(Task task)
   at System.Runtime.CompilerServices.TaskAwaiter.HandleNonSuccessAndDebuggerNotification(Task task)
   at Microsoft.AspNetCore.Diagnostics.DeveloperExceptionPageMiddleware.<Invoke>d__7.MoveNext()
2017-12-23T14:44:18.3522958-05:00 0HLAA7DEJKIFT [WRN] The response has already started, the error page middleware will not be executed. (e1dd4c0d)
2017-12-23T14:44:18.3713459-05:00 0HLAA7DEJKIFT [ERR] Connection id ""0HLAA7DEHCLF0"": An unhandled exception was thrown by the application. (8c14976b)
System.Threading.Tasks.TaskCanceledException: A task was canceled.
   at System.Runtime.CompilerServices.TaskAwaiter.ThrowForNonSuccess(Task task)
   at System.IO.Stream.<CopyToAsyncInternal>d__27.MoveNext()
--- End of stack trace from previous location where exception was thrown ---
   at System.Runtime.ExceptionServices.ExceptionDispatchInfo.Throw()
   at System.Runtime.CompilerServices.TaskAwaiter.ThrowForNonSuccess(Task task)
   at System.Runtime.CompilerServices.TaskAwaiter.HandleNonSuccessAndDebuggerNotification(Task task)
   at Microsoft.AspNetCore.SpaServices.Webpack.ConditionalProxyMiddleware.<PerformProxyRequest>d__7.MoveNext()
--- End of stack trace from previous location where exception was thrown ---
   at System.Runtime.ExceptionServices.ExceptionDispatchInfo.Throw()
   at System.Runtime.CompilerServices.TaskAwaiter.ThrowForNonSuccess(Task task)
   at System.Runtime.CompilerServices.TaskAwaiter.HandleNonSuccessAndDebuggerNotification(Task task)
   at Microsoft.AspNetCore.SpaServices.Webpack.ConditionalProxyMiddleware.<Invoke>d__6.MoveNext()
--- End of stack trace from previous location where exception was thrown ---
   at System.Runtime.ExceptionServices.ExceptionDispatchInfo.Throw()
   at System.Runtime.CompilerServices.TaskAwaiter.ThrowForNonSuccess(Task task)
   at System.Runtime.CompilerServices.TaskAwaiter.HandleNonSuccessAndDebuggerNotification(Task task)
   at Microsoft.AspNetCore.SpaServices.Webpack.ConditionalProxyMiddleware.<Invoke>d__6.MoveNext()
--- End of stack trace from previous location where exception was thrown ---
   at System.Runtime.ExceptionServices.ExceptionDispatchInfo.Throw()
   at System.Runtime.CompilerServices.TaskAwaiter.ThrowForNonSuccess(Task task)
   at System.Runtime.CompilerServices.TaskAwaiter.HandleNonSuccessAndDebuggerNotification(Task task)
   at Microsoft.AspNetCore.Diagnostics.DeveloperExceptionPageMiddleware.<Invoke>d__7.MoveNext()
--- End of stack trace from previous location where exception was thrown ---
   at System.Runtime.ExceptionServices.ExceptionDispatchInfo.Throw()
   at Microsoft.AspNetCore.Diagnostics.DeveloperExceptionPageMiddleware.<Invoke>d__7.MoveNext()
--- End of stack trace from previous location where exception was thrown ---
   at System.Runtime.ExceptionServices.ExceptionDispatchInfo.Throw()
   at System.Runtime.CompilerServices.TaskAwaiter.ThrowForNonSuccess(Task task)
   at System.Runtime.CompilerServices.TaskAwaiter.HandleNonSuccessAndDebuggerNotification(Task task)
   at Microsoft.AspNetCore.Server.IISIntegration.IISMiddleware.<Invoke>d__8.MoveNext()
--- End of stack trace from previous location where exception was thrown ---
   at System.Runtime.ExceptionServices.ExceptionDispatchInfo.Throw()
   at System.Runtime.CompilerServices.TaskAwaiter.ThrowForNonSuccess(Task task)
   at System.Runtime.CompilerServices.TaskAwaiter.HandleNonSuccessAndDebuggerNotification(Task task)
   at Microsoft.AspNetCore.Hosting.Internal.RequestServicesContainerMiddleware.<Invoke>d__3.MoveNext()
--- End of stack trace from previous location where exception was thrown ---
   at System.Runtime.ExceptionServices.ExceptionDispatchInfo.Throw()
   at System.Runtime.CompilerServices.TaskAwaiter.ThrowForNonSuccess(Task task)
   at System.Runtime.CompilerServices.TaskAwaiter.HandleNonSuccessAndDebuggerNotification(Task task)
   at Microsoft.AspNetCore.Server.Kestrel.Internal.Http.Frame`1.<RequestProcessingAsync>d__2.MoveNext()
2017-12-23T14:44:18.3723498-05:00 0HLAA7DEJKIFT [INF] Request finished in 899016.7499ms 200 text/event-stream; charset=utf-8 (15c52c40)
